<?xml version="1.0" encoding="UTF-8"?>
<testsuite xmlns:xsi="http://www.w3.org/2001/XMLSchema-instance" xsi:noNamespaceSchemaLocation="https://maven.apache.org/surefire/maven-surefire-plugin/xsd/surefire-test-report.xsd" name="com.itheima.web.DemoTest" time="0.033" tests="2" errors="0" skipped="0" failures="0">
  <properties>
    <property name="sun.desktop" value="windows"/>
    <property name="awt.toolkit" value="sun.awt.windows.WToolkit"/>
    <property name="file.encoding.pkg" value="sun.io"/>
    <property name="java.specification.version" value="1.8"/>
    <property name="sun.cpu.isalist" value="amd64"/>
    <property name="sun.jnu.encoding" value="GBK"/>
    <property name="java.class.path" value="D:\helloworld\target\test-classes;D:\helloworld\target\classes;E:\programfiles\repository\junit\junit\4.11\junit-4.11.jar;E:\programfiles\repository\org\hamcrest\hamcrest-core\1.3\hamcrest-core-1.3.jar;E:\programfiles\repository\javax\servlet\javax.servlet-api\3.1.0\javax.servlet-api-3.1.0.jar;"/>
    <property name="java.vm.vendor" value="Oracle Corporation"/>
    <property name="sun.arch.data.model" value="64"/>
    <property name="user.variant" value=""/>
    <property name="java.vendor.url" value="http://java.oracle.com/"/>
    <property name="user.timezone" value=""/>
    <property name="java.vm.specification.version" value="1.8"/>
    <property name="os.name" value="Windows 10"/>
    <property name="user.country" value="CN"/>
    <property name="sun.java.launcher" value="SUN_STANDARD"/>
    <property name="sun.boot.library.path" value="E:\java\jdk1.8.0-77\jre\bin"/>
    <property name="sun.java.command" value="C:\Users\liujon\AppData\Local\Temp\surefire8289438617708613141\surefirebooter632954850236927030.jar C:\Users\liujon\AppData\Local\Temp\surefire8289438617708613141 2019-05-19T22-22-38_711-jvmRun1 surefire5839688034981074250tmp surefire_02294554491149444698tmp"/>
    <property name="surefire.test.class.path" value="D:\helloworld\target\test-classes;D:\helloworld\target\classes;E:\programfiles\repository\junit\junit\4.11\junit-4.11.jar;E:\programfiles\repository\org\hamcrest\hamcrest-core\1.3\hamcrest-core-1.3.jar;E:\programfiles\repository\javax\servlet\javax.servlet-api\3.1.0\javax.servlet-api-3.1.0.jar;"/>
    <property name="sun.cpu.endian" value="little"/>
    <property name="user.home" value="C:\Users\liujon"/>
    <property name="user.language" value="zh"/>
    <property name="java.specification.vendor" value="Oracle Corporation"/>
    <property name="java.home" value="E:\java\jdk1.8.0-77\jre"/>
    <property name="basedir" value="D:\helloworld"/>
    <property name="file.separator" value="\"/>
    <property name="line.separator" value="&#10;"/>
    <property name="java.vm.specification.vendor" value="Oracle Corporation"/>
    <property name="java.specification.name" value="Java Platform API Specification"/>
    <property name="java.awt.graphicsenv" value="sun.awt.Win32GraphicsEnvironment"/>
    <property name="surefire.real.class.path" value="C:\Users\liujon\AppData\Local\Temp\surefire8289438617708613141\surefirebooter632954850236927030.jar"/>
    <property name="sun.boot.class.path" value="E:\java\jdk1.8.0-77\jre\lib\resources.jar;E:\java\jdk1.8.0-77\jre\lib\rt.jar;E:\java\jdk1.8.0-77\jre\lib\sunrsasign.jar;E:\java\jdk1.8.0-77\jre\lib\jsse.jar;E:\java\jdk1.8.0-77\jre\lib\jce.jar;E:\java\jdk1.8.0-77\jre\lib\charsets.jar;E:\java\jdk1.8.0-77\jre\lib\jfr.jar;E:\java\jdk1.8.0-77\jre\classes"/>
    <property name="user.script" value=""/>
    <property name="sun.management.compiler" value="HotSpot 64-Bit Tiered Compilers"/>
    <property name="java.runtime.version" value="1.8.0_77-b03"/>
    <property name="user.name" value="liujon"/>
    <property name="path.separator" value=";"/>
    <property name="os.version" value="10.0"/>
    <property name="java.endorsed.dirs" value="E:\java\jdk1.8.0-77\jre\lib\endorsed"/>
    <property name="java.runtime.name" value="Java(TM) SE Runtime Environment"/>
    <property name="file.encoding" value="GBK"/>
    <property name="java.vm.name" value="Java HotSpot(TM) 64-Bit Server VM"/>
    <property name="localRepository" value="E:\programfiles\repository"/>
    <property name="java.vendor.url.bug" value="http://bugreport.sun.com/bugreport/"/>
    <property name="java.io.tmpdir" value="C:\Users\liujon\AppData\Local\Temp\"/>
    <property name="java.version" value="1.8.0_77"/>
    <property name="user.dir" value="D:\helloworld"/>
    <property name="os.arch" value="amd64"/>
    <property name="java.vm.specification.name" value="Java Virtual Machine Specification"/>
    <property name="java.awt.printerjob" value="sun.awt.windows.WPrinterJob"/>
    <property name="sun.os.patch.level" value=""/>
    <property name="java.library.path" value="E:\java\jdk1.8.0-77\jre\bin;C:\Windows\Sun\Java\bin;C:\Windows\system32;C:\Windows;E:\java\jdk1.8.0-77\bin;C:\Program Files (x86)\Intel\Intel(R) Management Engine Components\iCLS\;C:\Program Files\Intel\Intel(R) Management Engine Components\iCLS\;C:\Windows\system32;C:\Windows;C:\Windows\System32\Wbem;C:\Windows\System32\WindowsPowerShell\v1.0\;C:\Windows\System32\OpenSSH\;C:\Program Files (x86)\NVIDIA Corporation\PhysX\Common;C:\Program Files (x86)\Intel\Intel(R) Management Engine Components\DAL;C:\Program Files\Intel\Intel(R) Management Engine Components\DAL;C:\Program Files (x86)\Intel\Intel(R) Management Engine Components\IPT;C:\Program Files\Intel\Intel(R) Management Engine Components\IPT;C:\Program Files\Intel\WiFi\bin\;C:\Program Files\Common Files\Intel\WirelessCommon\;C:\Program Files\NVIDIA Corporation\NVIDIA NvDLISR;E:\programfiles\New Folder\bin;E:\programfiles\apache-maven-3.5.4\bin;C:\Users\liujon\AppData\Local\Microsoft\WindowsApps;C:\Users\liujon\AppData\Local\BypassRuntm;."/>
    <property name="java.vm.info" value="mixed mode"/>
    <property name="java.vendor" value="Oracle Corporation"/>
    <property name="java.vm.version" value="25.77-b03"/>
    <property name="java.ext.dirs" value="E:\java\jdk1.8.0-77\jre\lib\ext;C:\Windows\Sun\Java\lib\ext"/>
    <property name="sun.io.unicode.encoding" value="UnicodeLittle"/>
    <property name="java.class.version" value="52.0"/>
  </properties>
  <testcase name="testDemo1" classname="com.itheima.web.DemoTest" time="0.004"/>
  <testcase name="testDemo2" classname="com.itheima.web.DemoTest" time="0.002"/>
</testsuite>